<?xml version="1.0" encoding="UTF-8"?>
<!-- Generated by org.testng.reporters.JUnitXMLReporter -->
<testsuite ignored="0" hostname="MSI" failures="0" tests="2" name="Default test" time="0.086" errors="0" timestamp="2024-02-14T21:57:33 IST">
  <testcase classname="testPackage.VerifyOrangeTestClass3_Log4j2" name="@BeforeTest launchBrowser" time="-1.70792805309E9">
    <failure type="org.testng.TestNGException" message="
Parameter &amp;apos;browser1&amp;apos; is required by BeforeTest on method launchBrowser but has not been marked @Optional or defined
in C:\Users\ppiyu\AppData\Local\Temp\testng-eclipse--382871503\testng-customsuite.xml">
      <![CDATA[org.testng.TestNGException: 
Parameter 'browser1' is required by BeforeTest on method launchBrowser but has not been marked @Optional or defined
in C:\Users\ppiyu\AppData\Local\Temp\testng-eclipse--382871503\testng-customsuite.xml
at org.testng.internal.Parameters.createParams(Parameters.java:267)
at org.testng.internal.Parameters.createParametersForMethod(Parameters.java:355)
at org.testng.internal.Parameters.createParameters(Parameters.java:684)
at org.testng.internal.Parameters.createConfigurationParameters(Parameters.java:166)
at org.testng.internal.invokers.ConfigInvoker.invokeConfigurations(ConfigInvoker.java:306)
at org.testng.TestRunner.invokeTestConfigurations(TestRunner.java:663)
at org.testng.TestRunner.beforeRun(TestRunner.java:652)
at org.testng.TestRunner.run(TestRunner.java:614)
at org.testng.SuiteRunner.runTest(SuiteRunner.java:443)
at org.testng.SuiteRunner.runSequentially(SuiteRunner.java:437)
at org.testng.SuiteRunner.privateRun(SuiteRunner.java:397)
at org.testng.SuiteRunner.run(SuiteRunner.java:336)
at org.testng.SuiteRunnerWorker.runSuite(SuiteRunnerWorker.java:52)
at org.testng.SuiteRunnerWorker.run(SuiteRunnerWorker.java:95)
at org.testng.TestNG.runSuitesSequentially(TestNG.java:1280)
at org.testng.TestNG.runSuitesLocally(TestNG.java:1200)
at org.testng.TestNG.runSuites(TestNG.java:1114)
at org.testng.TestNG.run(TestNG.java:1082)
at org.testng.remote.AbstractRemoteTestNG.run(AbstractRemoteTestNG.java:115)
at org.testng.remote.RemoteTestNG.initAndRun(RemoteTestNG.java:251)
at org.testng.remote.RemoteTestNG.main(RemoteTestNG.java:77)
]]>
    </failure>
  </testcase> <!-- @BeforeTest launchBrowser -->
  <testcase classname="testPackage.VerifyOrangeTestClass3_Log4j2" name="@BeforeClass launchOrangeHRMApplication" time="0.0">
    <skipped/>
  </testcase> <!-- @BeforeClass launchOrangeHRMApplication -->
  <testcase classname="testPackage.VerifyOrangeTestClass3_Log4j2" name="@BeforeMethod LoginOrangeHRM" time="0.0">
    <skipped/>
  </testcase> <!-- @BeforeMethod LoginOrangeHRM -->
  <testcase classname="testPackage.VerifyOrangeTestClass3_Log4j2" name="@AfterMethod logoutOrangeHRM" time="0.0">
    <skipped/>
  </testcase> <!-- @AfterMethod logoutOrangeHRM -->
  <testcase classname="testPackage.VerifyOrangeTestClass3_Log4j2" name="@BeforeMethod LoginOrangeHRM" time="0.0">
    <skipped/>
  </testcase> <!-- @BeforeMethod LoginOrangeHRM -->
  <testcase classname="testPackage.VerifyOrangeTestClass3_Log4j2" name="@AfterMethod logoutOrangeHRM" time="0.0">
    <skipped/>
  </testcase> <!-- @AfterMethod logoutOrangeHRM -->
  <testcase classname="testPackage.VerifyOrangeTestClass3_Log4j2" name="@AfterClass cleanObjects" time="0.0">
    <skipped/>
  </testcase> <!-- @AfterClass cleanObjects -->
  <testcase classname="testPackage.VerifyOrangeTestClass3_Log4j2" name="@AfterTest closedBrowser" time="0.0">
    <skipped/>
  </testcase> <!-- @AfterTest closedBrowser -->
  <testcase classname="testPackage.VerifyOrangeTestClass3_Log4j2" name="VerifyAdminOption" time="0.001">
    <skipped/>
  </testcase> <!-- VerifyAdminOption -->
  <testcase classname="testPackage.VerifyOrangeTestClass3_Log4j2" name="VerifyAccountOptionDropDown" time="0.0">
    <skipped/>
  </testcase> <!-- VerifyAccountOptionDropDown -->
</testsuite> <!-- Default test -->
